<?xml version="1.0" encoding="UTF-8"?>
<!-- Generated by org.testng.reporters.JUnitReportReporter -->
<testsuite hostname="NSL-6578" failures="0" tests="1" name="abstracted.CustomAnnotations" time="1.674" errors="0" timestamp="2022-07-05T10:55:02 IST" skipped="0">
  <testcase classname="abstracted.CustomAnnotations" name="assertAPI" time="1.674"/>
  <system-out/>
</testsuite> <!-- abstracted.CustomAnnotations -->
