<?xml version="1.0" encoding="UTF-8"?>
<!-- Generated by org.testng.reporters.JUnitReportReporter -->
<testsuite hostname="NSL-6578" failures="0" tests="1" name="abstracted.CustomAnnotations" time="3.442" errors="0" timestamp="2022-07-02T14:32:08 IST" skipped="0">
  <testcase classname="abstracted.CustomAnnotations" name="assertAPI" time="3.442"/>
  <system-out/>
</testsuite> <!-- abstracted.CustomAnnotations -->
