<?xml version="1.0" encoding="UTF-8"?>
<!-- Generated by org.testng.reporters.JUnitReportReporter -->
<testsuite hostname="NSL-6578" failures="0" tests="1" name="utils.ParsedAPIData" time="5.046" errors="0" timestamp="2022-07-01T17:49:23 IST" skipped="0">
  <testcase classname="utils.ParsedAPIData" name="assertAPI" time="5.046"/>
  <system-out/>
</testsuite> <!-- utils.ParsedAPIData -->
