<?xml version="1.0" encoding="UTF-8"?>
<!-- Generated by org.testng.reporters.JUnitReportReporter -->
<testsuite hostname="NSL-6578" failures="0" tests="7" name="base.TestScript" time="48.240" errors="0" timestamp="2022-07-05T10:55:02 IST" skipped="0">
  <testcase classname="base.TestScript" name="assertAPI" time="3.776"/>
  <system-out/>
  <testcase classname="base.TestScript" name="searchProductGivenByAPI" time="8.935"/>
  <system-out/>
  <testcase classname="base.TestScript" name="searchProductGivenByAPI" time="6.999"/>
  <system-out/>
  <testcase classname="base.TestScript" name="searchProductGivenByAPI" time="6.243"/>
  <system-out/>
  <testcase classname="base.TestScript" name="searchProductGivenByAPI" time="6.271"/>
  <system-out/>
  <testcase classname="base.TestScript" name="searchProductGivenByAPI" time="9.807"/>
  <system-out/>
  <testcase classname="base.TestScript" name="searchProductGivenByAPI" time="6.209"/>
  <system-out/>
</testsuite> <!-- base.TestScript -->
